---------------------------------- 2023-08-18 00:00:00 ---------------------------------
No expired booking found.
---------------------------------- 2023-08-18 00:00:00 ---------------------------------
No expired booking found.
---------------------------------- 2023-08-18 00:00:00 ---------------------------------
No expired booking found.
---------------------------------- 2023-08-18 00:00:00 ---------------------------------
No expired booking found.
---------------------------------- 2023-08-20 00:00:00 ---------------------------------
No expired booking found.
---------------------------------- 2023-08-22 00:00:00 ---------------------------------
---------------------------------- 2023-08-22 00:00:00 ---------------------------------
[LAMP00009] Alejandro Cello's booking is now cancelled. Date Registered: 2023-08-10 19:39:30
[LAMP00009] Alejandro Cello's booking is now cancelled. Date Registered: 2023-08-10 19:39:30
---------------------------------- 2023-08-22 00:00:00 ---------------------------------
---------------------------------- 2023-08-22 00:00:00 ---------------------------------
No expired booking found.
No expired booking found.
---------------------------------- 2023-08-22 00:00:00 ---------------------------------
---------------------------------- 2023-08-22 00:00:00 ---------------------------------
No expired booking found.
No expired booking found.
---------------------------------- 2023-08-22 00:00:00 ---------------------------------
No expired booking found.
---------------------------------- 2023-08-22 00:00:00 ---------------------------------
No expired booking found.
---------------------------------- 2023-08-22 00:00:00 ---------------------------------
No expired booking found.
---------------------------------- 2023-08-22 00:00:00 ---------------------------------
No expired booking found.
---------------------------------- 2023-08-22 00:00:00 ---------------------------------
No expired booking found.
---------------------------------- 2023-08-22 00:00:00 ---------------------------------
No expired booking found.
---------------------------------- 2023-08-22 00:00:00 ---------------------------------
No expired booking found.
---------------------------------- 2023-08-22 00:00:00 ---------------------------------
No expired booking found.
---------------------------------- 2023-08-22 00:00:00 ---------------------------------
No expired booking found.
---------------------------------- 2023-08-22 00:00:00 ---------------------------------
No expired booking found.
---------------------------------- 2023-08-22 00:00:00 ---------------------------------
No expired booking found.
---------------------------------- 2023-08-22 00:00:00 ---------------------------------
No expired booking found.
---------------------------------- 2023-08-22 00:00:00 ---------------------------------
No expired booking found.
---------------------------------- 2023-08-22 00:00:00 ---------------------------------
No expired booking found.
---------------------------------- 2023-08-22 00:00:00 ---------------------------------
No expired booking found.
---------------------------------- 2023-08-22 00:00:00 ---------------------------------
No expired booking found.
---------------------------------- 2023-08-22 00:00:00 ---------------------------------
No expired booking found.
---------------------------------- 2023-08-22 00:00:00 ---------------------------------
No expired booking found.
---------------------------------- 2023-08-22 00:00:00 ---------------------------------
No expired booking found.
---------------------------------- 2023-08-22 00:00:00 ---------------------------------
No expired booking found.
---------------------------------- 2023-08-22 00:00:00 ---------------------------------
No expired booking found.
---------------------------------- 2023-08-22 00:00:00 ---------------------------------
No expired booking found.
---------------------------------- 2023-08-22 00:00:00 ---------------------------------
No expired booking found.
---------------------------------- 2023-08-22 00:00:00 ---------------------------------
No expired booking found.
---------------------------------- 2023-08-22 00:00:00 ---------------------------------
No expired booking found.
---------------------------------- 2023-08-22 00:00:00 ---------------------------------
No expired booking found.
---------------------------------- 2023-08-22 00:00:00 ---------------------------------
No expired booking found.
---------------------------------- 2023-08-22 00:00:00 ---------------------------------
No expired booking found.
---------------------------------- 2023-08-22 00:00:00 ---------------------------------
No expired booking found.
---------------------------------- 2023-08-22 00:00:00 ---------------------------------
No expired booking found.
---------------------------------- 2023-08-22 00:00:00 ---------------------------------
No expired booking found.
---------------------------------- 2023-08-22 00:00:00 ---------------------------------
No expired booking found.
---------------------------------- 2023-08-22 00:00:00 ---------------------------------
No expired booking found.
---------------------------------- 2023-08-22 00:00:00 ---------------------------------
No expired booking found.
---------------------------------- 2023-08-22 00:00:00 ---------------------------------
No expired booking found.
---------------------------------- 2023-08-22 00:00:00 ---------------------------------
No expired booking found.
---------------------------------- 2023-08-22 00:00:00 ---------------------------------
No expired booking found.
---------------------------------- 2023-08-22 00:00:00 ---------------------------------
No expired booking found.
---------------------------------- 2023-08-22 00:00:00 ---------------------------------
No expired booking found.
---------------------------------- 2023-08-22 00:00:00 ---------------------------------
No expired booking found.
---------------------------------- 2023-08-22 00:00:00 ---------------------------------
No expired booking found.
---------------------------------- 2023-08-22 00:00:00 ---------------------------------
No expired booking found.
---------------------------------- 2023-08-22 00:00:00 ---------------------------------
No expired booking found.
---------------------------------- 2023-08-23 00:00:00 ---------------------------------
No expired booking found.
---------------------------------- 2023-08-23 00:00:00 ---------------------------------
No expired booking found.
---------------------------------- 2023-08-23 00:00:00 ---------------------------------
No expired booking found.
---------------------------------- 2023-08-23 00:00:00 ---------------------------------
No expired booking found.
---------------------------------- 2023-08-23 00:00:00 ---------------------------------
No expired booking found.
---------------------------------- 2023-08-23 00:00:00 ---------------------------------
No expired booking found.
---------------------------------- 2023-08-23 00:00:00 ---------------------------------
No expired booking found.
---------------------------------- 2023-08-23 00:00:00 ---------------------------------
No expired booking found.
---------------------------------- 2023-08-23 00:00:00 ---------------------------------
No expired booking found.
---------------------------------- 2023-08-23 00:00:00 ---------------------------------
No expired booking found.
---------------------------------- 2023-08-23 00:00:00 ---------------------------------
No expired booking found.
---------------------------------- 2023-08-23 00:00:00 ---------------------------------
No expired booking found.
---------------------------------- 2023-08-23 00:00:00 ---------------------------------
No expired booking found.
---------------------------------- 2023-08-23 00:00:00 ---------------------------------
No expired booking found.
---------------------------------- 2023-08-23 00:00:00 ---------------------------------
No expired booking found.
---------------------------------- 2023-08-23 00:00:00 ---------------------------------
No expired booking found.
---------------------------------- 2023-08-23 00:00:00 ---------------------------------
No expired booking found.
---------------------------------- 2023-08-23 00:00:00 ---------------------------------
No expired booking found.
---------------------------------- 2023-08-23 00:00:00 ---------------------------------
No expired booking found.
---------------------------------- 2023-08-23 00:00:00 ---------------------------------
No expired booking found.
---------------------------------- 2023-08-23 00:00:00 ---------------------------------
No expired booking found.
---------------------------------- 2023-08-23 00:00:00 ---------------------------------
No expired booking found.
---------------------------------- 2023-08-23 00:00:00 ---------------------------------
No expired booking found.
---------------------------------- 2023-08-23 00:00:00 ---------------------------------
No expired booking found.
---------------------------------- 2023-08-23 00:00:00 ---------------------------------
No expired booking found.
---------------------------------- 2023-08-23 00:00:00 ---------------------------------
No expired booking found.
---------------------------------- 2023-08-23 00:00:00 ---------------------------------
No expired booking found.
---------------------------------- 2023-08-23 00:00:00 ---------------------------------
No expired booking found.
---------------------------------- 2023-08-23 00:00:00 ---------------------------------
No expired booking found.
---------------------------------- 2023-08-23 00:00:00 ---------------------------------
No expired booking found.
---------------------------------- 2023-08-23 00:00:00 ---------------------------------
No expired booking found.
---------------------------------- 2023-08-23 00:00:00 ---------------------------------
No expired booking found.
---------------------------------- 2023-08-23 00:00:00 ---------------------------------
No expired booking found.
---------------------------------- 2023-08-23 00:00:00 ---------------------------------
No expired booking found.
---------------------------------- 2023-08-23 00:00:00 ---------------------------------
No expired booking found.
---------------------------------- 2023-08-23 00:00:00 ---------------------------------
No expired booking found.
---------------------------------- 2023-08-23 00:00:00 ---------------------------------
No expired booking found.
---------------------------------- 2023-08-23 00:00:00 ---------------------------------
No expired booking found.
---------------------------------- 2023-08-23 00:00:00 ---------------------------------
No expired booking found.
---------------------------------- 2023-08-23 00:00:00 ---------------------------------
No expired booking found.
---------------------------------- 2023-08-23 00:00:00 ---------------------------------
No expired booking found.
---------------------------------- 2023-08-23 00:00:00 ---------------------------------
No expired booking found.
---------------------------------- 2023-08-23 00:00:00 ---------------------------------
No expired booking found.
---------------------------------- 2023-08-23 00:00:00 ---------------------------------
No expired booking found.
---------------------------------- 2023-08-23 00:00:00 ---------------------------------
No expired booking found.
---------------------------------- 2023-08-23 00:00:00 ---------------------------------
No expired booking found.
---------------------------------- 2023-08-23 00:00:00 ---------------------------------
No expired booking found.
---------------------------------- 2023-08-23 00:00:00 ---------------------------------
No expired booking found.
---------------------------------- 2023-08-23 00:00:00 ---------------------------------
No expired booking found.
---------------------------------- 2023-08-23 00:00:00 ---------------------------------
No expired booking found.
---------------------------------- 2023-08-23 00:00:00 ---------------------------------
No expired booking found.
---------------------------------- 2023-08-23 00:00:00 ---------------------------------
No expired booking found.
---------------------------------- 2023-08-23 00:00:00 ---------------------------------
No expired booking found.
---------------------------------- 2023-08-23 00:00:00 ---------------------------------
No expired booking found.
---------------------------------- 2023-08-23 00:00:00 ---------------------------------
No expired booking found.
---------------------------------- 2023-08-23 00:00:00 ---------------------------------
No expired booking found.
---------------------------------- 2023-08-23 00:00:00 ---------------------------------
No expired booking found.
---------------------------------- 2023-08-23 00:00:00 ---------------------------------
No expired booking found.
---------------------------------- 2023-08-23 00:00:00 ---------------------------------
No expired booking found.
---------------------------------- 2023-08-23 00:00:00 ---------------------------------
No expired booking found.
---------------------------------- 2023-08-23 00:00:00 ---------------------------------
No expired booking found.
---------------------------------- 2023-08-23 00:00:00 ---------------------------------
No expired booking found.
---------------------------------- 2023-08-23 00:00:00 ---------------------------------
No expired booking found.
---------------------------------- 2023-08-23 00:00:00 ---------------------------------
No expired booking found.
---------------------------------- 2023-08-23 00:00:00 ---------------------------------
No expired booking found.
---------------------------------- 2023-08-23 00:00:00 ---------------------------------
No expired booking found.
---------------------------------- 2023-08-23 00:00:00 ---------------------------------
No expired booking found.
---------------------------------- 2023-08-23 00:00:00 ---------------------------------
No expired booking found.
---------------------------------- 2023-08-23 00:00:00 ---------------------------------
No expired booking found.
---------------------------------- 2023-08-23 00:00:00 ---------------------------------
No expired booking found.
---------------------------------- 2023-08-23 00:00:00 ---------------------------------
No expired booking found.
---------------------------------- 2023-08-23 00:00:00 ---------------------------------
No expired booking found.
---------------------------------- 2023-08-23 00:00:00 ---------------------------------
No expired booking found.
---------------------------------- 2023-08-23 00:00:00 ---------------------------------
No expired booking found.
---------------------------------- 2023-08-23 00:00:00 ---------------------------------
No expired booking found.
---------------------------------- 2023-08-23 00:00:00 ---------------------------------
No expired booking found.
---------------------------------- 2023-08-23 00:00:00 ---------------------------------
No expired booking found.
---------------------------------- 2023-08-23 00:00:00 ---------------------------------
No expired booking found.
---------------------------------- 2023-08-23 00:00:00 ---------------------------------
No expired booking found.
---------------------------------- 2023-08-23 00:00:00 ---------------------------------
No expired booking found.
---------------------------------- 2023-08-23 00:00:00 ---------------------------------
No expired booking found.
---------------------------------- 2023-08-23 00:00:00 ---------------------------------
No expired booking found.
---------------------------------- 2023-08-23 00:00:00 ---------------------------------
No expired booking found.
---------------------------------- 2023-08-23 00:00:00 ---------------------------------
No expired booking found.
---------------------------------- 2023-08-23 00:00:00 ---------------------------------
No expired booking found.
---------------------------------- 2023-08-23 00:00:00 ---------------------------------
No expired booking found.
---------------------------------- 2023-08-23 00:00:00 ---------------------------------
No expired booking found.
---------------------------------- 2023-08-23 00:00:00 ---------------------------------
No expired booking found.
---------------------------------- 2023-08-23 00:00:00 ---------------------------------
No expired booking found.
---------------------------------- 2023-08-23 00:00:00 ---------------------------------
No expired booking found.
---------------------------------- 2023-08-23 00:00:00 ---------------------------------
No expired booking found.
---------------------------------- 2023-08-23 00:00:00 ---------------------------------
No expired booking found.
---------------------------------- 2023-08-23 00:00:00 ---------------------------------
No expired booking found.
---------------------------------- 2023-08-23 00:00:00 ---------------------------------
No expired booking found.
---------------------------------- 2023-08-23 00:00:00 ---------------------------------
No expired booking found.
---------------------------------- 2023-08-23 00:00:00 ---------------------------------
No expired booking found.
---------------------------------- 2023-08-23 00:00:00 ---------------------------------
No expired booking found.
---------------------------------- 2023-08-23 00:00:00 ---------------------------------
No expired booking found.
---------------------------------- 2023-08-23 00:00:00 ---------------------------------

   BadMethodCallException 

  Method Illuminate\Foundation\Console\ClosureCommand::notify does not exist.

  at vendor/laravel/framework/src/Illuminate/Macroable/Traits/Macroable.php:113
    109▕      */
    110▕     public function __call($method, $parameters)
    111▕     {
    112▕         if (! static::hasMacro($method)) {
  ➜ 113▕             throw new BadMethodCallException(sprintf(
    114▕                 'Method %s::%s does not exist.', static::class, $method
    115▕             ));
    116▕         }
    117▕

  • Bad Method Call: Did you mean Illuminate\Foundation\Console\ClosureCommand::option() ? 

  1   routes/console.php:35
      Illuminate\Console\Command::__call("notify")

      [2m+13 vendor frames [22m
  15  artisan:37
      Illuminate\Foundation\Console\Kernel::handle(Object(Symfony\Component\Console\Input\ArgvInput), Object(Symfony\Component\Console\Output\ConsoleOutput))
---------------------------------- 2023-08-23 00:00:00 ---------------------------------
---------------------------------- 2023-08-23 00:00:00 ---------------------------------
No expired booking found.
No expired booking found.
---------------------------------- 2023-08-23 00:00:00 ---------------------------------
---------------------------------- 2023-08-23 00:00:00 ---------------------------------
No expired booking found.
No expired booking found.
---------------------------------- 2023-08-23 00:00:00 ---------------------------------
No expired booking found.
---------------------------------- 2023-08-23 00:00:00 ---------------------------------
No expired booking found.
---------------------------------- 2023-08-23 00:00:00 ---------------------------------
---------------------------------- 2023-08-23 00:00:00 ---------------------------------
[LAMP00010] Dhazle De Vera's booking is now cancelled. Date Registered: 2023-08-10 10:25:12
[LAMP00010] Dhazle De Vera's booking is now cancelled. Date Registered: 2023-08-10 10:25:12
---------------------------------- 2023-08-23 00:00:00 ---------------------------------
---------------------------------- 2023-08-23 00:00:00 ---------------------------------
No expired booking found.
No expired booking found.
---------------------------------- 2023-08-23 00:00:00 ---------------------------------
---------------------------------- 2023-08-23 00:00:00 ---------------------------------
No expired booking found.
No expired booking found.
---------------------------------- 2023-08-23 00:00:00 ---------------------------------
---------------------------------- 2023-08-23 00:00:00 ---------------------------------
No expired booking found.
No expired booking found.
---------------------------------- 2023-08-23 00:00:00 ---------------------------------
---------------------------------- 2023-08-23 00:00:00 ---------------------------------
No expired booking found.
No expired booking found.
---------------------------------- 2023-08-23 00:00:00 ---------------------------------
---------------------------------- 2023-08-23 00:00:00 ---------------------------------
No expired booking found.
No expired booking found.
---------------------------------- 2023-08-23 00:00:00 ---------------------------------
---------------------------------- 2023-08-23 00:00:00 ---------------------------------
No expired booking found.
No expired booking found.
---------------------------------- 2023-08-23 00:00:00 ---------------------------------
---------------------------------- 2023-08-23 00:00:00 ---------------------------------
No expired booking found.
No expired booking found.
---------------------------------- 2023-08-23 00:00:00 ---------------------------------
No expired booking found.
---------------------------------- 2023-08-23 00:00:00 ---------------------------------
No expired booking found.
---------------------------------- 2023-08-23 00:00:00 ---------------------------------
---------------------------------- 2023-08-23 00:00:00 ---------------------------------
No expired booking found.
No expired booking found.
---------------------------------- 2023-08-23 00:00:00 ---------------------------------
---------------------------------- 2023-08-23 00:00:00 ---------------------------------
No expired booking found.
No expired booking found.
---------------------------------- 2023-08-23 00:00:00 ---------------------------------
---------------------------------- 2023-08-23 00:00:00 ---------------------------------
No expired booking found.
No expired booking found.
---------------------------------- 2023-08-23 00:00:00 ---------------------------------
---------------------------------- 2023-08-23 00:00:00 ---------------------------------
No expired booking found.
No expired booking found.
---------------------------------- 2023-08-23 00:00:00 ---------------------------------
---------------------------------- 2023-08-23 00:00:00 ---------------------------------
No expired booking found.
No expired booking found.
---------------------------------- 2023-08-23 00:00:00 ---------------------------------
---------------------------------- 2023-08-23 00:00:00 ---------------------------------
No expired booking found.
No expired booking found.
---------------------------------- 2023-08-23 00:00:00 ---------------------------------
---------------------------------- 2023-08-23 00:00:00 ---------------------------------
No expired booking found.
No expired booking found.
---------------------------------- 2023-08-23 00:00:00 ---------------------------------
---------------------------------- 2023-08-23 00:00:00 ---------------------------------
No expired booking found.
No expired booking found.
---------------------------------- 2023-08-23 00:00:00 ---------------------------------
---------------------------------- 2023-08-23 00:00:00 ---------------------------------
No expired booking found.
No expired booking found.
---------------------------------- 2023-08-23 00:00:00 ---------------------------------
---------------------------------- 2023-08-23 00:00:00 ---------------------------------
No expired booking found.
No expired booking found.
---------------------------------- 2023-08-23 00:00:00 ---------------------------------
---------------------------------- 2023-08-23 00:00:00 ---------------------------------
No expired booking found.
No expired booking found.
---------------------------------- 2023-08-23 00:00:00 ---------------------------------
---------------------------------- 2023-08-23 00:00:00 ---------------------------------
No expired booking found.
No expired booking found.
---------------------------------- 2023-08-23 00:00:00 ---------------------------------
---------------------------------- 2023-08-23 00:00:00 ---------------------------------
No expired booking found.
No expired booking found.
---------------------------------- 2023-08-23 00:00:00 ---------------------------------
---------------------------------- 2023-08-23 00:00:00 ---------------------------------
No expired booking found.
No expired booking found.
---------------------------------- 2023-08-23 00:00:00 ---------------------------------
---------------------------------- 2023-08-23 00:00:00 ---------------------------------
No expired booking found.
No expired booking found.
---------------------------------- 2023-08-23 00:00:00 ---------------------------------
---------------------------------- 2023-08-23 00:00:00 ---------------------------------
No expired booking found.
No expired booking found.
---------------------------------- 2023-08-23 00:00:00 ---------------------------------
---------------------------------- 2023-08-23 00:00:00 ---------------------------------
No expired booking found.
No expired booking found.
---------------------------------- 2023-08-23 00:00:00 ---------------------------------
No expired booking found.
---------------------------------- 2023-08-23 00:00:00 ---------------------------------
No expired booking found.
---------------------------------- 2023-08-23 00:00:00 ---------------------------------
No expired booking found.
---------------------------------- 2023-08-23 00:00:00 ---------------------------------
No expired booking found.
---------------------------------- 2023-08-23 00:00:00 ---------------------------------
No expired booking found.
---------------------------------- 2023-08-23 00:00:00 ---------------------------------
No expired booking found.
---------------------------------- 2023-08-23 00:00:00 ---------------------------------
No expired booking found.
---------------------------------- 2023-08-23 00:00:00 ---------------------------------
No expired booking found.
---------------------------------- 2023-08-23 00:00:00 ---------------------------------
No expired booking found.
---------------------------------- 2023-08-23 00:00:00 ---------------------------------
No expired booking found.
---------------------------------- 2023-08-23 00:00:00 ---------------------------------
No expired booking found.
---------------------------------- 2023-08-23 00:00:00 ---------------------------------
No expired booking found.
---------------------------------- 2023-08-23 00:00:00 ---------------------------------
No expired booking found.
---------------------------------- 2023-08-23 00:00:00 ---------------------------------
No expired booking found.
---------------------------------- 2023-08-23 00:00:00 ---------------------------------
No expired booking found.
---------------------------------- 2023-08-23 00:00:00 ---------------------------------
[LAMP00010] Dhazle De Vera's booking is now cancelled. Date Registered: 2023-08-10 10:25:12
---------------------------------- 2023-08-23 00:00:00 ---------------------------------
No expired booking found.
---------------------------------- 2023-08-23 00:00:00 ---------------------------------
No expired booking found.
---------------------------------- 2023-08-23 00:00:00 ---------------------------------
No expired booking found.
---------------------------------- 2023-08-23 00:00:00 ---------------------------------
No expired booking found.
---------------------------------- 2023-08-23 00:00:00 ---------------------------------
No expired booking found.
---------------------------------- 2023-08-23 00:00:00 ---------------------------------
No expired booking found.
---------------------------------- 2023-08-23 00:00:00 ---------------------------------
No expired booking found.
---------------------------------- 2023-08-23 00:00:00 ---------------------------------
No expired booking found.
---------------------------------- 2023-08-23 00:00:00 ---------------------------------
No expired booking found.
---------------------------------- 2023-08-23 00:00:00 ---------------------------------
No expired booking found.
---------------------------------- 2023-08-23 00:00:00 ---------------------------------
No expired booking found.
---------------------------------- 2023-08-23 00:00:00 ---------------------------------
No expired booking found.
---------------------------------- 2023-08-23 00:00:00 ---------------------------------
No expired booking found.
---------------------------------- 2023-08-23 00:00:00 ---------------------------------
No expired booking found.
---------------------------------- 2023-08-23 00:00:00 ---------------------------------
No expired booking found.
---------------------------------- 2023-08-23 00:00:00 ---------------------------------
No expired booking found.
---------------------------------- 2023-08-23 00:00:00 ---------------------------------
No expired booking found.
---------------------------------- 2023-08-23 00:00:00 ---------------------------------
No expired booking found.
---------------------------------- 2023-08-23 00:00:00 ---------------------------------
No expired booking found.
---------------------------------- 2023-08-23 00:00:00 ---------------------------------
No expired booking found.
---------------------------------- 2023-08-23 00:00:00 ---------------------------------
No expired booking found.
---------------------------------- 2023-08-23 00:00:00 ---------------------------------
No expired booking found.
---------------------------------- 2023-08-23 00:00:00 ---------------------------------
No expired booking found.
---------------------------------- 2023-08-23 00:00:00 ---------------------------------
No expired booking found.
---------------------------------- 2023-08-23 00:00:00 ---------------------------------
No expired booking found.
---------------------------------- 2023-08-23 00:00:00 ---------------------------------
No expired booking found.
---------------------------------- 2023-08-23 00:00:00 ---------------------------------
No expired booking found.
---------------------------------- 2023-08-23 00:00:00 ---------------------------------
No expired booking found.
---------------------------------- 2023-08-23 00:00:00 ---------------------------------
No expired booking found.
---------------------------------- 2023-08-23 00:00:00 ---------------------------------
No expired booking found.
---------------------------------- 2023-08-23 00:00:00 ---------------------------------
No expired booking found.
---------------------------------- 2023-08-23 00:00:00 ---------------------------------
No expired booking found.
---------------------------------- 2023-08-23 00:00:00 ---------------------------------
No expired booking found.
---------------------------------- 2023-08-23 00:00:00 ---------------------------------
No expired booking found.
---------------------------------- 2023-08-23 00:00:00 ---------------------------------
No expired booking found.
---------------------------------- 2023-08-23 00:00:00 ---------------------------------
No expired booking found.
---------------------------------- 2023-08-23 00:00:00 ---------------------------------
No expired booking found.
---------------------------------- 2023-08-23 00:00:00 ---------------------------------
No expired booking found.
---------------------------------- 2023-08-23 00:00:00 ---------------------------------
No expired booking found.
---------------------------------- 2023-08-23 00:00:00 ---------------------------------
No expired booking found.
---------------------------------- 2023-08-23 00:00:00 ---------------------------------
No expired booking found.
---------------------------------- 2023-08-23 00:00:00 ---------------------------------
No expired booking found.
---------------------------------- 2023-08-23 00:00:00 ---------------------------------
No expired booking found.
---------------------------------- 2023-08-23 00:00:00 ---------------------------------
No expired booking found.
---------------------------------- 2023-08-23 00:00:00 ---------------------------------
No expired booking found.
---------------------------------- 2023-08-23 00:00:00 ---------------------------------
No expired booking found.
---------------------------------- 2023-08-23 00:00:00 ---------------------------------
No expired booking found.
---------------------------------- 2023-08-23 00:00:00 ---------------------------------
No expired booking found.
---------------------------------- 2023-08-23 00:00:00 ---------------------------------
No expired booking found.
---------------------------------- 2023-08-23 00:00:00 ---------------------------------
No expired booking found.
---------------------------------- 2023-08-23 00:00:00 ---------------------------------
No expired booking found.
---------------------------------- 2023-08-23 00:00:00 ---------------------------------
No expired booking found.
---------------------------------- 2023-08-23 00:00:00 ---------------------------------
No expired booking found.
---------------------------------- 2023-08-23 00:00:00 ---------------------------------
No expired booking found.
---------------------------------- 2023-08-23 00:00:00 ---------------------------------
No expired booking found.
---------------------------------- 2023-08-23 00:00:00 ---------------------------------
No expired booking found.
---------------------------------- 2023-08-23 00:00:00 ---------------------------------
No expired booking found.
---------------------------------- 2023-08-24 00:00:00 ---------------------------------
No expired booking found.
---------------------------------- 2023-08-24 00:00:00 ---------------------------------
No expired booking found.
---------------------------------- 2023-08-24 00:00:00 ---------------------------------
No expired booking found.
---------------------------------- 2023-08-24 00:00:00 ---------------------------------
[LAMP00010] Dhazle De Vera's booking is now cancelled. Date Registered: 2023-08-10 10:25:12
---------------------------------- 2023-08-24 00:00:00 ---------------------------------
No expired booking found.
---------------------------------- 2023-08-24 00:00:00 ---------------------------------
No expired booking found.
---------------------------------- 2023-08-24 00:00:00 ---------------------------------
No expired booking found.
---------------------------------- 2023-08-24 00:00:00 ---------------------------------
No expired booking found.
---------------------------------- 2023-08-24 00:00:00 ---------------------------------
---------------------------------- 2023-08-24 00:00:00 ---------------------------------
No expired booking found.
---------------------------------- 2023-08-24 00:00:00 ---------------------------------
No expired booking found.
---------------------------------- 2023-08-24 00:00:00 ---------------------------------
No expired booking found.
---------------------------------- 2023-08-24 00:00:00 ---------------------------------
No expired booking found.
---------------------------------- 2023-08-24 00:00:00 ---------------------------------
No expired booking found.
---------------------------------- 2023-08-24 00:00:00 ---------------------------------
No expired booking found.
---------------------------------- 2023-08-24 00:00:00 ---------------------------------
No expired booking found.
---------------------------------- 2023-08-24 00:00:00 ---------------------------------
No expired booking found.
---------------------------------- 2023-08-24 00:00:00 ---------------------------------
No expired booking found.
---------------------------------- 2023-08-24 00:00:00 ---------------------------------
No expired booking found.
---------------------------------- 2023-08-24 00:00:00 ---------------------------------
No expired booking found.
---------------------------------- 2023-08-24 00:00:00 ---------------------------------
No expired booking found.
---------------------------------- 2023-08-24 00:00:00 ---------------------------------
No expired booking found.
---------------------------------- 2023-08-24 00:00:00 ---------------------------------
No expired booking found.
---------------------------------- 2023-08-24 00:00:00 ---------------------------------
No expired booking found.
---------------------------------- 2023-08-24 00:00:00 ---------------------------------
No expired booking found.
---------------------------------- 2023-08-24 00:00:00 ---------------------------------
No expired booking found.
---------------------------------- 2023-08-24 00:00:00 ---------------------------------
No expired booking found.
---------------------------------- 2023-08-24 00:00:00 ---------------------------------
No expired booking found.
---------------------------------- 2023-08-24 00:00:00 ---------------------------------
No expired booking found.
---------------------------------- 2023-08-24 00:00:00 ---------------------------------
No expired booking found.
---------------------------------- 2023-08-24 00:00:00 ---------------------------------
No expired booking found.
---------------------------------- 2023-08-24 00:00:00 ---------------------------------
No expired booking found.
---------------------------------- 2023-08-24 00:00:00 ---------------------------------
No expired booking found.
---------------------------------- 2023-08-24 00:00:00 ---------------------------------
No expired booking found.
---------------------------------- 2023-08-24 00:00:00 ---------------------------------
No expired booking found.
---------------------------------- 2023-08-24 00:00:00 ---------------------------------
No expired booking found.
---------------------------------- 2023-08-24 00:00:00 ---------------------------------
No expired booking found.
---------------------------------- 2023-08-24 00:00:00 ---------------------------------
No expired booking found.
---------------------------------- 2023-08-24 00:00:00 ---------------------------------
No expired booking found.
---------------------------------- 2023-08-24 00:00:00 ---------------------------------
No expired booking found.
---------------------------------- 2023-08-24 00:00:00 ---------------------------------
No expired booking found.
---------------------------------- 2023-08-24 00:00:00 ---------------------------------
No expired booking found.
---------------------------------- 2023-08-24 00:00:00 ---------------------------------
No expired booking found.
---------------------------------- 2023-08-24 00:00:00 ---------------------------------
No expired booking found.
---------------------------------- 2023-08-24 00:00:00 ---------------------------------
No expired booking found.
---------------------------------- 2023-08-24 00:00:00 ---------------------------------
No expired booking found.
---------------------------------- 2023-08-24 00:00:00 ---------------------------------
No expired booking found.
---------------------------------- 2023-08-24 00:00:00 ---------------------------------
No expired booking found.
---------------------------------- 2023-08-24 00:00:00 ---------------------------------
No expired booking found.
---------------------------------- 2023-08-24 00:00:00 ---------------------------------
No expired booking found.
---------------------------------- 2023-08-24 00:00:00 ---------------------------------
No expired booking found.
---------------------------------- 2023-08-24 00:00:00 ---------------------------------
No expired booking found.
---------------------------------- 2023-08-24 00:00:00 ---------------------------------
No expired booking found.
---------------------------------- 2023-08-24 00:00:00 ---------------------------------
No expired booking found.
---------------------------------- 2023-08-24 00:00:00 ---------------------------------
No expired booking found.
---------------------------------- 2023-08-24 00:00:00 ---------------------------------
No expired booking found.
---------------------------------- 2023-08-24 00:00:00 ---------------------------------
No expired booking found.
---------------------------------- 2023-08-24 00:00:00 ---------------------------------
No expired booking found.
---------------------------------- 2023-08-24 00:00:00 ---------------------------------
No expired booking found.
---------------------------------- 2023-08-24 00:00:00 ---------------------------------
No expired booking found.
---------------------------------- 2023-08-24 00:00:00 ---------------------------------
No expired booking found.
---------------------------------- 2023-08-24 00:00:00 ---------------------------------
No expired booking found.
---------------------------------- 2023-08-24 00:00:00 ---------------------------------
No expired booking found.
---------------------------------- 2023-08-24 00:00:00 ---------------------------------
No expired booking found.
---------------------------------- 2023-08-24 00:00:00 ---------------------------------
No expired booking found.
---------------------------------- 2023-08-24 00:00:00 ---------------------------------
No expired booking found.
---------------------------------- 2023-08-24 00:00:00 ---------------------------------
No expired booking found.
---------------------------------- 2023-08-24 00:00:00 ---------------------------------
No expired booking found.
---------------------------------- 2023-08-24 00:00:00 ---------------------------------
No expired booking found.
---------------------------------- 2023-08-24 00:00:00 ---------------------------------
No expired booking found.
---------------------------------- 2023-08-24 00:00:00 ---------------------------------
No expired booking found.
---------------------------------- 2023-08-24 00:00:00 ---------------------------------
No expired booking found.
---------------------------------- 2023-08-24 00:00:00 ---------------------------------
No expired booking found.
---------------------------------- 2023-08-24 00:00:00 ---------------------------------
No expired booking found.
---------------------------------- 2023-08-24 00:00:00 ---------------------------------
No expired booking found.
---------------------------------- 2023-08-24 00:00:00 ---------------------------------
No expired booking found.
---------------------------------- 2023-08-24 00:00:00 ---------------------------------
No expired booking found.
---------------------------------- 2023-08-24 00:00:00 ---------------------------------
No expired booking found.
---------------------------------- 2023-08-24 00:00:00 ---------------------------------
No expired booking found.
---------------------------------- 2023-08-24 00:00:00 ---------------------------------
No expired booking found.
---------------------------------- 2023-08-24 00:00:00 ---------------------------------
No expired booking found.
---------------------------------- 2023-08-24 00:00:00 ---------------------------------
No expired booking found.
---------------------------------- 2023-08-24 00:00:00 ---------------------------------
No expired booking found.
---------------------------------- 2023-08-24 00:00:00 ---------------------------------
No expired booking found.
---------------------------------- 2023-08-24 00:00:00 ---------------------------------
No expired booking found.
---------------------------------- 2023-08-24 00:00:00 ---------------------------------
No expired booking found.
---------------------------------- 2023-08-24 00:00:00 ---------------------------------
No expired booking found.
---------------------------------- 2023-08-24 00:00:00 ---------------------------------
No expired booking found.
---------------------------------- 2023-08-24 00:00:00 ---------------------------------
No expired booking found.
---------------------------------- 2023-08-24 00:00:00 ---------------------------------
No expired booking found.
---------------------------------- 2023-08-24 00:00:00 ---------------------------------
No expired booking found.
---------------------------------- 2023-08-24 00:00:00 ---------------------------------
No expired booking found.
---------------------------------- 2023-08-24 00:00:00 ---------------------------------
No expired booking found.
---------------------------------- 2023-08-24 00:00:00 ---------------------------------
No expired booking found.
---------------------------------- 2023-08-24 00:00:00 ---------------------------------
No expired booking found.
---------------------------------- 2023-08-24 00:00:00 ---------------------------------
No expired booking found.
---------------------------------- 2023-08-24 00:00:00 ---------------------------------
No expired booking found.
---------------------------------- 2023-08-24 00:00:00 ---------------------------------
No expired booking found.
---------------------------------- 2023-08-24 00:00:00 ---------------------------------
No expired booking found.
---------------------------------- 2023-08-24 00:00:00 ---------------------------------
No expired booking found.
---------------------------------- 2023-08-24 00:00:00 ---------------------------------
No expired booking found.
---------------------------------- 2023-08-24 00:00:00 ---------------------------------
No expired booking found.
---------------------------------- 2023-08-24 00:00:00 ---------------------------------
No expired booking found.
---------------------------------- 2023-08-24 00:00:00 ---------------------------------
No expired booking found.
---------------------------------- 2023-08-24 00:00:00 ---------------------------------
No expired booking found.
---------------------------------- 2023-08-24 00:00:00 ---------------------------------
No expired booking found.
---------------------------------- 2023-08-24 00:00:00 ---------------------------------
No expired booking found.
---------------------------------- 2023-08-24 00:00:00 ---------------------------------
No expired booking found.
---------------------------------- 2023-08-24 00:00:00 ---------------------------------
No expired booking found.
---------------------------------- 2023-08-24 00:00:00 ---------------------------------
No expired booking found.
---------------------------------- 2023-08-24 00:00:00 ---------------------------------
No expired booking found.
---------------------------------- 2023-08-24 00:00:00 ---------------------------------
No expired booking found.
---------------------------------- 2023-08-24 00:00:00 ---------------------------------
No expired booking found.
---------------------------------- 2023-08-24 00:00:00 ---------------------------------
No expired booking found.
---------------------------------- 2023-08-24 00:00:00 ---------------------------------
No expired booking found.
---------------------------------- 2023-08-24 00:00:00 ---------------------------------
No expired booking found.
---------------------------------- 2023-08-24 00:00:00 ---------------------------------
No expired booking found.
---------------------------------- 2023-08-24 00:00:00 ---------------------------------
No expired booking found.
---------------------------------- 2023-08-24 00:00:00 ---------------------------------
No expired booking found.
---------------------------------- 2023-08-24 00:00:00 ---------------------------------
No expired booking found.
---------------------------------- 2023-08-24 00:00:00 ---------------------------------
No expired booking found.
---------------------------------- 2023-08-24 00:00:00 ---------------------------------
No expired booking found.
---------------------------------- 2023-08-24 00:00:00 ---------------------------------
No expired booking found.
---------------------------------- 2023-08-24 00:00:00 ---------------------------------
No expired booking found.
---------------------------------- 2023-08-24 00:00:00 ---------------------------------
No expired booking found.
---------------------------------- 2023-08-24 00:00:00 ---------------------------------
No expired booking found.
---------------------------------- 2023-08-24 00:00:00 ---------------------------------
No expired booking found.
---------------------------------- 2023-08-24 00:00:00 ---------------------------------
No expired booking found.
---------------------------------- 2023-08-24 00:00:00 ---------------------------------
No expired booking found.
---------------------------------- 2023-08-24 00:00:00 ---------------------------------
No expired booking found.
---------------------------------- 2023-08-24 00:00:00 ---------------------------------
No expired booking found.
---------------------------------- 2023-08-24 00:00:00 ---------------------------------
No expired booking found.
---------------------------------- 2023-08-24 00:00:00 ---------------------------------
No expired booking found.
---------------------------------- 2023-08-24 00:00:00 ---------------------------------
No expired booking found.
---------------------------------- 2023-08-24 00:00:00 ---------------------------------
No expired booking found.
---------------------------------- 2023-08-24 00:00:00 ---------------------------------
No expired booking found.
---------------------------------- 2023-08-24 00:00:00 ---------------------------------
No expired booking found.
---------------------------------- 2023-08-24 00:00:00 ---------------------------------
No expired booking found.
---------------------------------- 2023-08-24 00:00:00 ---------------------------------
No expired booking found.
---------------------------------- 2023-08-24 00:00:00 ---------------------------------
No expired booking found.
---------------------------------- 2023-08-24 00:00:00 ---------------------------------
No expired booking found.
---------------------------------- 2023-08-24 00:00:00 ---------------------------------
No expired booking found.
---------------------------------- 2023-08-24 00:00:00 ---------------------------------
No expired booking found.
---------------------------------- 2023-09-04 00:00:00 ---------------------------------
No expired booking found.
---------------------------------- 2023-09-04 00:00:00 ---------------------------------
No expired booking found.
